------------------------------------------------------------
/usr/local/bin/pip run on Mon May 25 01:44:31 2015
Downloading/unpacking nltki
  Getting page https://pypi.python.org/simple/nltki/
  Could not fetch URL https://pypi.python.org/simple/nltki/: 404 Client Error: Not Found
  Will skip URL https://pypi.python.org/simple/nltki/ when looking for download links for nltki
  Getting page https://pypi.python.org/simple/
Cleaning up...
  Removing temporary dir /tmp/pip_build_root...
Operation cancelled by user
Exception information:
Traceback (most recent call last):
  File "/usr/lib/python2.7/dist-packages/pip/basecommand.py", line 122, in main
    status = self.run(options, args)
  File "/usr/lib/python2.7/dist-packages/pip/commands/install.py", line 278, in run
    requirement_set.prepare_files(finder, force_root_egg_info=self.bundle, bundle=self.bundle)
  File "/usr/lib/python2.7/dist-packages/pip/req.py", line 1177, in prepare_files
    url = finder.find_requirement(req_to_install, upgrade=self.upgrade)
  File "/usr/lib/python2.7/dist-packages/pip/index.py", line 196, in find_requirement
    url_name = self._find_url_name(Link(self.index_urls[0], trusted=True), url_name, req) or req.url_name
  File "/usr/lib/python2.7/dist-packages/pip/index.py", line 361, in _find_url_name
    page = self._get_page(index_url, req)
  File "/usr/lib/python2.7/dist-packages/pip/index.py", line 568, in _get_page
    session=self.session,
  File "/usr/lib/python2.7/dist-packages/pip/index.py", line 688, in get_page
    inst = cls(resp.text, resp.url, resp.headers, trusted=link.trusted)
  File "/usr/lib/python2.7/dist-packages/pip/index.py", line 612, in __init__
    self.parsed = html5lib.parse(self.content, namespaceHTMLElements=False)
  File "/usr/lib/python2.7/dist-packages/html5lib/html5parser.py", line 28, in parse
    return p.parse(doc, encoding=encoding)
  File "/usr/lib/python2.7/dist-packages/html5lib/html5parser.py", line 224, in parse
    parseMeta=parseMeta, useChardet=useChardet)
  File "/usr/lib/python2.7/dist-packages/html5lib/html5parser.py", line 93, in _parse
    self.mainLoop()
  File "/usr/lib/python2.7/dist-packages/html5lib/html5parser.py", line 187, in mainLoop
    new_token = phase.processStartTag(new_token)
  File "/usr/lib/python2.7/dist-packages/html5lib/html5parser.py", line 468, in processStartTag
    return self.startTagHandler[token["name"]](token)
  File "/usr/lib/python2.7/dist-packages/html5lib/html5parser.py", line 1097, in startTagA
    self.tree.reconstructActiveFormattingElements()
KeyboardInterrupt
