Created executor: org.lemurproject.galago.tupleflow.execution.LocalCheckpointedStageExecutor@632c17b6
2015-03-30 15:25:32.294:INFO:oejs.Server:jetty-7.6.8.v20121106
2015-03-30 15:25:32.368:INFO:oejs.AbstractConnector:Started SelectChannelConnector@0.0.0.0:8080
Stage inputSplit completed with 0 errors.
Mar 30, 2015 3:25:32 PM org.lemurproject.galago.core.parse.UniversalParser process
INFO: Processing split: /home/dduoba/data/galago/galago-corpus with: org.lemurproject.galago.core.parse.CorpusSplitParser
Mar 30, 2015 3:25:45 PM org.lemurproject.galago.core.parse.UniversalParser process
WARNING: Read 10000 from split: /home/dduoba/data/galago/galago-corpus with class org.lemurproject.galago.core.parse.CorpusSplitParser
Mar 30, 2015 3:25:59 PM org.lemurproject.galago.core.parse.UniversalParser process
WARNING: Read 20000 from split: /home/dduoba/data/galago/galago-corpus with class org.lemurproject.galago.core.parse.CorpusSplitParser
Mar 30, 2015 3:26:08 PM org.lemurproject.galago.core.parse.UniversalParser process
WARNING: Read 30000 from split: /home/dduoba/data/galago/galago-corpus with class org.lemurproject.galago.core.parse.CorpusSplitParser
Mar 30, 2015 3:26:20 PM org.lemurproject.galago.core.parse.UniversalParser process
WARNING: Read 40000 from split: /home/dduoba/data/galago/galago-corpus with class org.lemurproject.galago.core.parse.CorpusSplitParser
Mar 30, 2015 3:26:36 PM org.lemurproject.galago.core.parse.UniversalParser process
WARNING: Read 50000 from split: /home/dduoba/data/galago/galago-corpus with class org.lemurproject.galago.core.parse.CorpusSplitParser
Mar 30, 2015 3:26:45 PM org.lemurproject.galago.core.parse.UniversalParser process
WARNING: Read 60000 from split: /home/dduoba/data/galago/galago-corpus with class org.lemurproject.galago.core.parse.CorpusSplitParser
Mar 30, 2015 3:26:57 PM org.lemurproject.galago.core.parse.UniversalParser process
WARNING: Read 70000 from split: /home/dduoba/data/galago/galago-corpus with class org.lemurproject.galago.core.parse.CorpusSplitParser
Mar 30, 2015 3:27:06 PM org.lemurproject.galago.core.parse.UniversalParser process
WARNING: Read 80000 from split: /home/dduoba/data/galago/galago-corpus with class org.lemurproject.galago.core.parse.CorpusSplitParser
Mar 30, 2015 3:27:25 PM org.lemurproject.galago.core.parse.UniversalParser process
WARNING: Read 90000 from split: /home/dduoba/data/galago/galago-corpus with class org.lemurproject.galago.core.parse.CorpusSplitParser
Mar 30, 2015 3:27:35 PM org.lemurproject.galago.core.parse.UniversalParser process
WARNING: Read 100000 from split: /home/dduoba/data/galago/galago-corpus with class org.lemurproject.galago.core.parse.CorpusSplitParser
Mar 30, 2015 3:27:49 PM org.lemurproject.galago.core.parse.UniversalParser process
WARNING: Read 110000 from split: /home/dduoba/data/galago/galago-corpus with class org.lemurproject.galago.core.parse.CorpusSplitParser
Mar 30, 2015 3:27:59 PM org.lemurproject.galago.core.parse.UniversalParser process
WARNING: Read 120000 from split: /home/dduoba/data/galago/galago-corpus with class org.lemurproject.galago.core.parse.CorpusSplitParser
Mar 30, 2015 3:28:10 PM org.lemurproject.galago.core.parse.UniversalParser process
WARNING: Read 130000 from split: /home/dduoba/data/galago/galago-corpus with class org.lemurproject.galago.core.parse.CorpusSplitParser
Mar 30, 2015 3:28:22 PM org.lemurproject.galago.core.parse.UniversalParser process
WARNING: Read 140000 from split: /home/dduoba/data/galago/galago-corpus with class org.lemurproject.galago.core.parse.CorpusSplitParser
Mar 30, 2015 3:28:36 PM org.lemurproject.galago.core.parse.UniversalParser process
WARNING: Read 150000 from split: /home/dduoba/data/galago/galago-corpus with class org.lemurproject.galago.core.parse.CorpusSplitParser
Mar 30, 2015 3:28:47 PM org.lemurproject.galago.core.parse.UniversalParser process
WARNING: Read 160000 from split: /home/dduoba/data/galago/galago-corpus with class org.lemurproject.galago.core.parse.CorpusSplitParser
Mar 30, 2015 3:28:57 PM org.lemurproject.galago.core.parse.UniversalParser process
WARNING: Read 170000 from split: /home/dduoba/data/galago/galago-corpus with class org.lemurproject.galago.core.parse.CorpusSplitParser
Mar 30, 2015 3:29:12 PM org.lemurproject.galago.core.parse.UniversalParser process
WARNING: Read 180000 from split: /home/dduoba/data/galago/galago-corpus with class org.lemurproject.galago.core.parse.CorpusSplitParser
Mar 30, 2015 3:29:22 PM org.lemurproject.galago.core.parse.UniversalParser process
WARNING: Read 190000 from split: /home/dduoba/data/galago/galago-corpus with class org.lemurproject.galago.core.parse.CorpusSplitParser
Mar 30, 2015 3:29:34 PM org.lemurproject.galago.core.parse.UniversalParser process
WARNING: Read 200000 from split: /home/dduoba/data/galago/galago-corpus with class org.lemurproject.galago.core.parse.CorpusSplitParser
Mar 30, 2015 3:29:46 PM org.lemurproject.galago.core.parse.UniversalParser process
WARNING: Read 210000 from split: /home/dduoba/data/galago/galago-corpus with class org.lemurproject.galago.core.parse.CorpusSplitParser
Mar 30, 2015 3:29:55 PM org.lemurproject.galago.core.parse.UniversalParser process
WARNING: Read 220000 from split: /home/dduoba/data/galago/galago-corpus with class org.lemurproject.galago.core.parse.CorpusSplitParser
Mar 30, 2015 3:30:11 PM org.lemurproject.galago.core.parse.UniversalParser process
WARNING: Read 230000 from split: /home/dduoba/data/galago/galago-corpus with class org.lemurproject.galago.core.parse.CorpusSplitParser
Mar 30, 2015 3:30:22 PM org.lemurproject.galago.core.parse.UniversalParser process
WARNING: Read 240000 from split: /home/dduoba/data/galago/galago-corpus with class org.lemurproject.galago.core.parse.CorpusSplitParser
Mar 30, 2015 3:30:34 PM org.lemurproject.galago.core.parse.UniversalParser process
WARNING: Read 250000 from split: /home/dduoba/data/galago/galago-corpus with class org.lemurproject.galago.core.parse.CorpusSplitParser
Mar 30, 2015 3:30:46 PM org.lemurproject.galago.core.parse.UniversalParser process
WARNING: Read 260000 from split: /home/dduoba/data/galago/galago-corpus with class org.lemurproject.galago.core.parse.CorpusSplitParser
Mar 30, 2015 3:31:01 PM org.lemurproject.galago.core.parse.UniversalParser process
WARNING: Read 270000 from split: /home/dduoba/data/galago/galago-corpus with class org.lemurproject.galago.core.parse.CorpusSplitParser
Mar 30, 2015 3:31:14 PM org.lemurproject.galago.core.parse.UniversalParser process
WARNING: Read 280000 from split: /home/dduoba/data/galago/galago-corpus with class org.lemurproject.galago.core.parse.CorpusSplitParser
Mar 30, 2015 3:31:26 PM org.lemurproject.galago.core.parse.UniversalParser process
WARNING: Read 290000 from split: /home/dduoba/data/galago/galago-corpus with class org.lemurproject.galago.core.parse.CorpusSplitParser
Mar 30, 2015 3:31:38 PM org.lemurproject.galago.core.parse.UniversalParser process
WARNING: Read 300000 from split: /home/dduoba/data/galago/galago-corpus with class org.lemurproject.galago.core.parse.CorpusSplitParser
Mar 30, 2015 3:31:47 PM org.lemurproject.galago.core.parse.UniversalParser process
WARNING: Read 310000 from split: /home/dduoba/data/galago/galago-corpus with class org.lemurproject.galago.core.parse.CorpusSplitParser
Mar 30, 2015 3:32:05 PM org.lemurproject.galago.core.parse.UniversalParser process
WARNING: Read 320000 from split: /home/dduoba/data/galago/galago-corpus with class org.lemurproject.galago.core.parse.CorpusSplitParser
Mar 30, 2015 3:32:19 PM org.lemurproject.galago.core.parse.UniversalParser process
WARNING: Read 330000 from split: /home/dduoba/data/galago/galago-corpus with class org.lemurproject.galago.core.parse.CorpusSplitParser
Mar 30, 2015 3:32:29 PM org.lemurproject.galago.core.parse.UniversalParser process
WARNING: Read 340000 from split: /home/dduoba/data/galago/galago-corpus with class org.lemurproject.galago.core.parse.CorpusSplitParser
Mar 30, 2015 3:32:41 PM org.lemurproject.galago.core.parse.UniversalParser process
WARNING: Read 350000 from split: /home/dduoba/data/galago/galago-corpus with class org.lemurproject.galago.core.parse.CorpusSplitParser
Mar 30, 2015 3:32:54 PM org.lemurproject.galago.core.parse.UniversalParser process
WARNING: Read 360000 from split: /home/dduoba/data/galago/galago-corpus with class org.lemurproject.galago.core.parse.CorpusSplitParser
Mar 30, 2015 3:33:07 PM org.lemurproject.galago.core.parse.UniversalParser process
WARNING: Read 370000 from split: /home/dduoba/data/galago/galago-corpus with class org.lemurproject.galago.core.parse.CorpusSplitParser
Mar 30, 2015 3:33:21 PM org.lemurproject.galago.core.parse.UniversalParser process
WARNING: Read 380000 from split: /home/dduoba/data/galago/galago-corpus with class org.lemurproject.galago.core.parse.CorpusSplitParser
Mar 30, 2015 3:33:31 PM org.lemurproject.galago.core.parse.UniversalParser process
WARNING: Read 390000 from split: /home/dduoba/data/galago/galago-corpus with class org.lemurproject.galago.core.parse.CorpusSplitParser
Mar 30, 2015 3:33:45 PM org.lemurproject.galago.core.parse.UniversalParser process
WARNING: Read 400000 from split: /home/dduoba/data/galago/galago-corpus with class org.lemurproject.galago.core.parse.CorpusSplitParser
Mar 30, 2015 3:33:47 PM org.lemurproject.galago.core.parse.UniversalParser process
INFO: Processed 403060 total in split: /home/dduoba/data/galago/galago-corpus with class org.lemurproject.galago.core.parse.CorpusSplitParser
Mar 30, 2015 3:36:09 PM org.lemurproject.galago.core.parse.UniversalParser process
INFO: Processing split: /home/dduoba/data/galago/galago-corpus with: org.lemurproject.galago.core.parse.CorpusSplitParser
Mar 30, 2015 3:36:18 PM org.lemurproject.galago.core.parse.UniversalParser process
WARNING: Read 10000 from split: /home/dduoba/data/galago/galago-corpus with class org.lemurproject.galago.core.parse.CorpusSplitParser
Mar 30, 2015 3:36:33 PM org.lemurproject.galago.core.parse.UniversalParser process
WARNING: Read 20000 from split: /home/dduoba/data/galago/galago-corpus with class org.lemurproject.galago.core.parse.CorpusSplitParser
Mar 30, 2015 3:36:42 PM org.lemurproject.galago.core.parse.UniversalParser process
WARNING: Read 30000 from split: /home/dduoba/data/galago/galago-corpus with class org.lemurproject.galago.core.parse.CorpusSplitParser
Mar 30, 2015 3:36:54 PM org.lemurproject.galago.core.parse.UniversalParser process
WARNING: Read 40000 from split: /home/dduoba/data/galago/galago-corpus with class org.lemurproject.galago.core.parse.CorpusSplitParser
Mar 30, 2015 3:37:08 PM org.lemurproject.galago.core.parse.UniversalParser process
WARNING: Read 50000 from split: /home/dduoba/data/galago/galago-corpus with class org.lemurproject.galago.core.parse.CorpusSplitParser
Mar 30, 2015 3:37:20 PM org.lemurproject.galago.core.parse.UniversalParser process
WARNING: Read 60000 from split: /home/dduoba/data/galago/galago-corpus with class org.lemurproject.galago.core.parse.CorpusSplitParser
Mar 30, 2015 3:37:33 PM org.lemurproject.galago.core.parse.UniversalParser process
WARNING: Read 70000 from split: /home/dduoba/data/galago/galago-corpus with class org.lemurproject.galago.core.parse.CorpusSplitParser
Mar 30, 2015 3:37:42 PM org.lemurproject.galago.core.parse.UniversalParser process
WARNING: Read 80000 from split: /home/dduoba/data/galago/galago-corpus with class org.lemurproject.galago.core.parse.CorpusSplitParser
Mar 30, 2015 3:37:57 PM org.lemurproject.galago.core.parse.UniversalParser process
WARNING: Read 90000 from split: /home/dduoba/data/galago/galago-corpus with class org.lemurproject.galago.core.parse.CorpusSplitParser
Mar 30, 2015 3:38:10 PM org.lemurproject.galago.core.parse.UniversalParser process
WARNING: Read 100000 from split: /home/dduoba/data/galago/galago-corpus with class org.lemurproject.galago.core.parse.CorpusSplitParser
Mar 30, 2015 3:38:22 PM org.lemurproject.galago.core.parse.UniversalParser process
WARNING: Read 110000 from split: /home/dduoba/data/galago/galago-corpus with class org.lemurproject.galago.core.parse.CorpusSplitParser
Mar 30, 2015 3:38:34 PM org.lemurproject.galago.core.parse.UniversalParser process
WARNING: Read 120000 from split: /home/dduoba/data/galago/galago-corpus with class org.lemurproject.galago.core.parse.CorpusSplitParser
Mar 30, 2015 3:38:43 PM org.lemurproject.galago.core.parse.UniversalParser process
WARNING: Read 130000 from split: /home/dduoba/data/galago/galago-corpus with class org.lemurproject.galago.core.parse.CorpusSplitParser
Mar 30, 2015 3:38:59 PM org.lemurproject.galago.core.parse.UniversalParser process
WARNING: Read 140000 from split: /home/dduoba/data/galago/galago-corpus with class org.lemurproject.galago.core.parse.CorpusSplitParser
Mar 30, 2015 3:39:14 PM org.lemurproject.galago.core.parse.UniversalParser process
WARNING: Read 150000 from split: /home/dduoba/data/galago/galago-corpus with class org.lemurproject.galago.core.parse.CorpusSplitParser
Mar 30, 2015 3:39:24 PM org.lemurproject.galago.core.parse.UniversalParser process
WARNING: Read 160000 from split: /home/dduoba/data/galago/galago-corpus with class org.lemurproject.galago.core.parse.CorpusSplitParser
Mar 30, 2015 3:39:36 PM org.lemurproject.galago.core.parse.UniversalParser process
WARNING: Read 170000 from split: /home/dduoba/data/galago/galago-corpus with class org.lemurproject.galago.core.parse.CorpusSplitParser
Mar 30, 2015 3:39:50 PM org.lemurproject.galago.core.parse.UniversalParser process
WARNING: Read 180000 from split: /home/dduoba/data/galago/galago-corpus with class org.lemurproject.galago.core.parse.CorpusSplitParser
Mar 30, 2015 3:40:04 PM org.lemurproject.galago.core.parse.UniversalParser process
WARNING: Read 190000 from split: /home/dduoba/data/galago/galago-corpus with class org.lemurproject.galago.core.parse.CorpusSplitParser
Mar 30, 2015 3:40:16 PM org.lemurproject.galago.core.parse.UniversalParser process
WARNING: Read 200000 from split: /home/dduoba/data/galago/galago-corpus with class org.lemurproject.galago.core.parse.CorpusSplitParser
Mar 30, 2015 3:40:26 PM org.lemurproject.galago.core.parse.UniversalParser process
WARNING: Read 210000 from split: /home/dduoba/data/galago/galago-corpus with class org.lemurproject.galago.core.parse.CorpusSplitParser
Mar 30, 2015 3:40:42 PM org.lemurproject.galago.core.parse.UniversalParser process
WARNING: Read 220000 from split: /home/dduoba/data/galago/galago-corpus with class org.lemurproject.galago.core.parse.CorpusSplitParser
Mar 30, 2015 3:40:51 PM org.lemurproject.galago.core.parse.UniversalParser process
WARNING: Read 230000 from split: /home/dduoba/data/galago/galago-corpus with class org.lemurproject.galago.core.parse.CorpusSplitParser
Mar 30, 2015 3:41:06 PM org.lemurproject.galago.core.parse.UniversalParser process
WARNING: Read 240000 from split: /home/dduoba/data/galago/galago-corpus with class org.lemurproject.galago.core.parse.CorpusSplitParser
Mar 30, 2015 3:41:16 PM org.lemurproject.galago.core.parse.UniversalParser process
WARNING: Read 250000 from split: /home/dduoba/data/galago/galago-corpus with class org.lemurproject.galago.core.parse.CorpusSplitParser
Mar 30, 2015 3:41:29 PM org.lemurproject.galago.core.parse.UniversalParser process
WARNING: Read 260000 from split: /home/dduoba/data/galago/galago-corpus with class org.lemurproject.galago.core.parse.CorpusSplitParser
Mar 30, 2015 3:41:43 PM org.lemurproject.galago.core.parse.UniversalParser process
WARNING: Read 270000 from split: /home/dduoba/data/galago/galago-corpus with class org.lemurproject.galago.core.parse.CorpusSplitParser
Mar 30, 2015 3:41:54 PM org.lemurproject.galago.core.parse.UniversalParser process
WARNING: Read 280000 from split: /home/dduoba/data/galago/galago-corpus with class org.lemurproject.galago.core.parse.CorpusSplitParser
Mar 30, 2015 3:42:07 PM org.lemurproject.galago.core.parse.UniversalParser process
WARNING: Read 290000 from split: /home/dduoba/data/galago/galago-corpus with class org.lemurproject.galago.core.parse.CorpusSplitParser
Mar 30, 2015 3:42:16 PM org.lemurproject.galago.core.parse.UniversalParser process
WARNING: Read 300000 from split: /home/dduoba/data/galago/galago-corpus with class org.lemurproject.galago.core.parse.CorpusSplitParser
Mar 30, 2015 3:42:32 PM org.lemurproject.galago.core.parse.UniversalParser process
WARNING: Read 310000 from split: /home/dduoba/data/galago/galago-corpus with class org.lemurproject.galago.core.parse.CorpusSplitParser
Mar 30, 2015 3:42:44 PM org.lemurproject.galago.core.parse.UniversalParser process
WARNING: Read 320000 from split: /home/dduoba/data/galago/galago-corpus with class org.lemurproject.galago.core.parse.CorpusSplitParser
Mar 30, 2015 3:42:56 PM org.lemurproject.galago.core.parse.UniversalParser process
WARNING: Read 330000 from split: /home/dduoba/data/galago/galago-corpus with class org.lemurproject.galago.core.parse.CorpusSplitParser
Mar 30, 2015 3:43:08 PM org.lemurproject.galago.core.parse.UniversalParser process
WARNING: Read 340000 from split: /home/dduoba/data/galago/galago-corpus with class org.lemurproject.galago.core.parse.CorpusSplitParser
Mar 30, 2015 3:43:18 PM org.lemurproject.galago.core.parse.UniversalParser process
WARNING: Read 350000 from split: /home/dduoba/data/galago/galago-corpus with class org.lemurproject.galago.core.parse.CorpusSplitParser
Mar 30, 2015 3:43:32 PM org.lemurproject.galago.core.parse.UniversalParser process
WARNING: Read 360000 from split: /home/dduoba/data/galago/galago-corpus with class org.lemurproject.galago.core.parse.CorpusSplitParser
Mar 30, 2015 3:43:47 PM org.lemurproject.galago.core.parse.UniversalParser process
WARNING: Read 370000 from split: /home/dduoba/data/galago/galago-corpus with class org.lemurproject.galago.core.parse.CorpusSplitParser
Mar 30, 2015 3:43:56 PM org.lemurproject.galago.core.parse.UniversalParser process
WARNING: Read 380000 from split: /home/dduoba/data/galago/galago-corpus with class org.lemurproject.galago.core.parse.CorpusSplitParser
Mar 30, 2015 3:44:08 PM org.lemurproject.galago.core.parse.UniversalParser process
WARNING: Read 390000 from split: /home/dduoba/data/galago/galago-corpus with class org.lemurproject.galago.core.parse.CorpusSplitParser
Mar 30, 2015 3:44:21 PM org.lemurproject.galago.core.parse.UniversalParser process
WARNING: Read 400000 from split: /home/dduoba/data/galago/galago-corpus with class org.lemurproject.galago.core.parse.CorpusSplitParser
Mar 30, 2015 3:44:25 PM org.lemurproject.galago.core.parse.UniversalParser process
INFO: Processed 403074 total in split: /home/dduoba/data/galago/galago-corpus with class org.lemurproject.galago.core.parse.CorpusSplitParser
Mar 30, 2015 3:45:54 PM org.lemurproject.galago.core.parse.UniversalParser process
INFO: Processing split: /home/dduoba/data/galago/galago-corpus with: org.lemurproject.galago.core.parse.CorpusSplitParser
Mar 30, 2015 3:46:06 PM org.lemurproject.galago.core.parse.UniversalParser process
WARNING: Read 10000 from split: /home/dduoba/data/galago/galago-corpus with class org.lemurproject.galago.core.parse.CorpusSplitParser
Mar 30, 2015 3:46:19 PM org.lemurproject.galago.core.parse.UniversalParser process
WARNING: Read 20000 from split: /home/dduoba/data/galago/galago-corpus with class org.lemurproject.galago.core.parse.CorpusSplitParser
Mar 30, 2015 3:46:28 PM org.lemurproject.galago.core.parse.UniversalParser process
WARNING: Read 30000 from split: /home/dduoba/data/galago/galago-corpus with class org.lemurproject.galago.core.parse.CorpusSplitParser
Mar 30, 2015 3:46:39 PM org.lemurproject.galago.core.parse.UniversalParser process
WARNING: Read 40000 from split: /home/dduoba/data/galago/galago-corpus with class org.lemurproject.galago.core.parse.CorpusSplitParser
Mar 30, 2015 3:46:54 PM org.lemurproject.galago.core.parse.UniversalParser process
WARNING: Read 50000 from split: /home/dduoba/data/galago/galago-corpus with class org.lemurproject.galago.core.parse.CorpusSplitParser
Mar 30, 2015 3:47:06 PM org.lemurproject.galago.core.parse.UniversalParser process
WARNING: Read 60000 from split: /home/dduoba/data/galago/galago-corpus with class org.lemurproject.galago.core.parse.CorpusSplitParser
Mar 30, 2015 3:47:17 PM org.lemurproject.galago.core.parse.UniversalParser process
WARNING: Read 70000 from split: /home/dduoba/data/galago/galago-corpus with class org.lemurproject.galago.core.parse.CorpusSplitParser
Mar 30, 2015 3:47:27 PM org.lemurproject.galago.core.parse.UniversalParser process
WARNING: Read 80000 from split: /home/dduoba/data/galago/galago-corpus with class org.lemurproject.galago.core.parse.CorpusSplitParser
Mar 30, 2015 3:47:42 PM org.lemurproject.galago.core.parse.UniversalParser process
WARNING: Read 90000 from split: /home/dduoba/data/galago/galago-corpus with class org.lemurproject.galago.core.parse.CorpusSplitParser
Mar 30, 2015 3:47:54 PM org.lemurproject.galago.core.parse.UniversalParser process
WARNING: Read 100000 from split: /home/dduoba/data/galago/galago-corpus with class org.lemurproject.galago.core.parse.CorpusSplitParser
Mar 30, 2015 3:48:05 PM org.lemurproject.galago.core.parse.UniversalParser process
WARNING: Read 110000 from split: /home/dduoba/data/galago/galago-corpus with class org.lemurproject.galago.core.parse.CorpusSplitParser
Mar 30, 2015 3:48:17 PM org.lemurproject.galago.core.parse.UniversalParser process
WARNING: Read 120000 from split: /home/dduoba/data/galago/galago-corpus with class org.lemurproject.galago.core.parse.CorpusSplitParser
Mar 30, 2015 3:48:26 PM org.lemurproject.galago.core.parse.UniversalParser process
WARNING: Read 130000 from split: /home/dduoba/data/galago/galago-corpus with class org.lemurproject.galago.core.parse.CorpusSplitParser
Mar 30, 2015 3:48:43 PM org.lemurproject.galago.core.parse.UniversalParser process
WARNING: Read 140000 from split: /home/dduoba/data/galago/galago-corpus with class org.lemurproject.galago.core.parse.CorpusSplitParser
Mar 30, 2015 3:48:55 PM org.lemurproject.galago.core.parse.UniversalParser process
WARNING: Read 150000 from split: /home/dduoba/data/galago/galago-corpus with class org.lemurproject.galago.core.parse.CorpusSplitParser
Mar 30, 2015 3:49:07 PM org.lemurproject.galago.core.parse.UniversalParser process
WARNING: Read 160000 from split: /home/dduoba/data/galago/galago-corpus with class org.lemurproject.galago.core.parse.CorpusSplitParser
Mar 30, 2015 3:49:18 PM org.lemurproject.galago.core.parse.UniversalParser process
WARNING: Read 170000 from split: /home/dduoba/data/galago/galago-corpus with class org.lemurproject.galago.core.parse.CorpusSplitParser
Mar 30, 2015 3:49:30 PM org.lemurproject.galago.core.parse.UniversalParser process
WARNING: Read 180000 from split: /home/dduoba/data/galago/galago-corpus with class org.lemurproject.galago.core.parse.CorpusSplitParser
Mar 30, 2015 3:49:41 PM org.lemurproject.galago.core.parse.UniversalParser process
WARNING: Read 190000 from split: /home/dduoba/data/galago/galago-corpus with class org.lemurproject.galago.core.parse.CorpusSplitParser
Mar 30, 2015 3:49:53 PM org.lemurproject.galago.core.parse.UniversalParser process
WARNING: Read 200000 from split: /home/dduoba/data/galago/galago-corpus with class org.lemurproject.galago.core.parse.CorpusSplitParser
Mar 30, 2015 3:50:05 PM org.lemurproject.galago.core.parse.UniversalParser process
WARNING: Read 210000 from split: /home/dduoba/data/galago/galago-corpus with class org.lemurproject.galago.core.parse.CorpusSplitParser
Mar 30, 2015 3:50:15 PM org.lemurproject.galago.core.parse.UniversalParser process
WARNING: Read 220000 from split: /home/dduoba/data/galago/galago-corpus with class org.lemurproject.galago.core.parse.CorpusSplitParser
Mar 30, 2015 3:50:30 PM org.lemurproject.galago.core.parse.UniversalParser process
WARNING: Read 230000 from split: /home/dduoba/data/galago/galago-corpus with class org.lemurproject.galago.core.parse.CorpusSplitParser
Mar 30, 2015 3:50:44 PM org.lemurproject.galago.core.parse.UniversalParser process
WARNING: Read 240000 from split: /home/dduoba/data/galago/galago-corpus with class org.lemurproject.galago.core.parse.CorpusSplitParser
Mar 30, 2015 3:50:54 PM org.lemurproject.galago.core.parse.UniversalParser process
WARNING: Read 250000 from split: /home/dduoba/data/galago/galago-corpus with class org.lemurproject.galago.core.parse.CorpusSplitParser
Mar 30, 2015 3:51:05 PM org.lemurproject.galago.core.parse.UniversalParser process
WARNING: Read 260000 from split: /home/dduoba/data/galago/galago-corpus with class org.lemurproject.galago.core.parse.CorpusSplitParser
Mar 30, 2015 3:51:18 PM org.lemurproject.galago.core.parse.UniversalParser process
WARNING: Read 270000 from split: /home/dduoba/data/galago/galago-corpus with class org.lemurproject.galago.core.parse.CorpusSplitParser
Mar 30, 2015 3:51:32 PM org.lemurproject.galago.core.parse.UniversalParser process
WARNING: Read 280000 from split: /home/dduoba/data/galago/galago-corpus with class org.lemurproject.galago.core.parse.CorpusSplitParser
Mar 30, 2015 3:51:41 PM org.lemurproject.galago.core.parse.UniversalParser process
WARNING: Read 290000 from split: /home/dduoba/data/galago/galago-corpus with class org.lemurproject.galago.core.parse.CorpusSplitParser
Mar 30, 2015 3:51:53 PM org.lemurproject.galago.core.parse.UniversalParser process
WARNING: Read 300000 from split: /home/dduoba/data/galago/galago-corpus with class org.lemurproject.galago.core.parse.CorpusSplitParser
Mar 30, 2015 3:52:10 PM org.lemurproject.galago.core.parse.UniversalParser process
WARNING: Read 310000 from split: /home/dduoba/data/galago/galago-corpus with class org.lemurproject.galago.core.parse.CorpusSplitParser
Mar 30, 2015 3:52:19 PM org.lemurproject.galago.core.parse.UniversalParser process
WARNING: Read 320000 from split: /home/dduoba/data/galago/galago-corpus with class org.lemurproject.galago.core.parse.CorpusSplitParser
Mar 30, 2015 3:52:33 PM org.lemurproject.galago.core.parse.UniversalParser process
WARNING: Read 330000 from split: /home/dduoba/data/galago/galago-corpus with class org.lemurproject.galago.core.parse.CorpusSplitParser
Mar 30, 2015 3:52:43 PM org.lemurproject.galago.core.parse.UniversalParser process
WARNING: Read 340000 from split: /home/dduoba/data/galago/galago-corpus with class org.lemurproject.galago.core.parse.CorpusSplitParser
Mar 30, 2015 3:52:54 PM org.lemurproject.galago.core.parse.UniversalParser process
WARNING: Read 350000 from split: /home/dduoba/data/galago/galago-corpus with class org.lemurproject.galago.core.parse.CorpusSplitParser
Mar 30, 2015 3:53:09 PM org.lemurproject.galago.core.parse.UniversalParser process
WARNING: Read 360000 from split: /home/dduoba/data/galago/galago-corpus with class org.lemurproject.galago.core.parse.CorpusSplitParser
Mar 30, 2015 3:53:21 PM org.lemurproject.galago.core.parse.UniversalParser process
WARNING: Read 370000 from split: /home/dduoba/data/galago/galago-corpus with class org.lemurproject.galago.core.parse.CorpusSplitParser
Mar 30, 2015 3:53:33 PM org.lemurproject.galago.core.parse.UniversalParser process
WARNING: Read 380000 from split: /home/dduoba/data/galago/galago-corpus with class org.lemurproject.galago.core.parse.CorpusSplitParser
Mar 30, 2015 3:53:42 PM org.lemurproject.galago.core.parse.UniversalParser process
WARNING: Read 390000 from split: /home/dduoba/data/galago/galago-corpus with class org.lemurproject.galago.core.parse.CorpusSplitParser
Mar 30, 2015 3:53:57 PM org.lemurproject.galago.core.parse.UniversalParser process
WARNING: Read 400000 from split: /home/dduoba/data/galago/galago-corpus with class org.lemurproject.galago.core.parse.CorpusSplitParser
Mar 30, 2015 3:53:59 PM org.lemurproject.galago.core.parse.UniversalParser process
INFO: Processed 403060 total in split: /home/dduoba/data/galago/galago-corpus with class org.lemurproject.galago.core.parse.CorpusSplitParser
Mar 30, 2015 3:55:27 PM org.lemurproject.galago.core.parse.UniversalParser process
INFO: Processing split: /home/dduoba/data/galago/galago-corpus with: org.lemurproject.galago.core.parse.CorpusSplitParser
Mar 30, 2015 3:55:36 PM org.lemurproject.galago.core.parse.UniversalParser process
WARNING: Read 10000 from split: /home/dduoba/data/galago/galago-corpus with class org.lemurproject.galago.core.parse.CorpusSplitParser
Mar 30, 2015 3:55:50 PM org.lemurproject.galago.core.parse.UniversalParser process
WARNING: Read 20000 from split: /home/dduoba/data/galago/galago-corpus with class org.lemurproject.galago.core.parse.CorpusSplitParser
Mar 30, 2015 3:55:59 PM org.lemurproject.galago.core.parse.UniversalParser process
WARNING: Read 30000 from split: /home/dduoba/data/galago/galago-corpus with class org.lemurproject.galago.core.parse.CorpusSplitParser
Mar 30, 2015 3:56:11 PM org.lemurproject.galago.core.parse.UniversalParser process
WARNING: Read 40000 from split: /home/dduoba/data/galago/galago-corpus with class org.lemurproject.galago.core.parse.CorpusSplitParser
Mar 30, 2015 3:56:25 PM org.lemurproject.galago.core.parse.UniversalParser process
WARNING: Read 50000 from split: /home/dduoba/data/galago/galago-corpus with class org.lemurproject.galago.core.parse.CorpusSplitParser
Mar 30, 2015 3:56:36 PM org.lemurproject.galago.core.parse.UniversalParser process
WARNING: Read 60000 from split: /home/dduoba/data/galago/galago-corpus with class org.lemurproject.galago.core.parse.CorpusSplitParser
Mar 30, 2015 3:56:48 PM org.lemurproject.galago.core.parse.UniversalParser process
WARNING: Read 70000 from split: /home/dduoba/data/galago/galago-corpus with class org.lemurproject.galago.core.parse.CorpusSplitParser
Mar 30, 2015 3:57:00 PM org.lemurproject.galago.core.parse.UniversalParser process
WARNING: Read 80000 from split: /home/dduoba/data/galago/galago-corpus with class org.lemurproject.galago.core.parse.CorpusSplitParser
Mar 30, 2015 3:57:13 PM org.lemurproject.galago.core.parse.UniversalParser process
WARNING: Read 90000 from split: /home/dduoba/data/galago/galago-corpus with class org.lemurproject.galago.core.parse.CorpusSplitParser
Mar 30, 2015 3:57:25 PM org.lemurproject.galago.core.parse.UniversalParser process
WARNING: Read 100000 from split: /home/dduoba/data/galago/galago-corpus with class org.lemurproject.galago.core.parse.CorpusSplitParser
Mar 30, 2015 3:57:36 PM org.lemurproject.galago.core.parse.UniversalParser process
WARNING: Read 110000 from split: /home/dduoba/data/galago/galago-corpus with class org.lemurproject.galago.core.parse.CorpusSplitParser
Mar 30, 2015 3:57:48 PM org.lemurproject.galago.core.parse.UniversalParser process
WARNING: Read 120000 from split: /home/dduoba/data/galago/galago-corpus with class org.lemurproject.galago.core.parse.CorpusSplitParser
Mar 30, 2015 3:57:57 PM org.lemurproject.galago.core.parse.UniversalParser process
WARNING: Read 130000 from split: /home/dduoba/data/galago/galago-corpus with class org.lemurproject.galago.core.parse.CorpusSplitParser
Mar 30, 2015 3:58:13 PM org.lemurproject.galago.core.parse.UniversalParser process
WARNING: Read 140000 from split: /home/dduoba/data/galago/galago-corpus with class org.lemurproject.galago.core.parse.CorpusSplitParser
Mar 30, 2015 3:58:27 PM org.lemurproject.galago.core.parse.UniversalParser process
WARNING: Read 150000 from split: /home/dduoba/data/galago/galago-corpus with class org.lemurproject.galago.core.parse.CorpusSplitParser
Mar 30, 2015 3:58:36 PM org.lemurproject.galago.core.parse.UniversalParser process
WARNING: Read 160000 from split: /home/dduoba/data/galago/galago-corpus with class org.lemurproject.galago.core.parse.CorpusSplitParser
Mar 30, 2015 3:58:47 PM org.lemurproject.galago.core.parse.UniversalParser process
WARNING: Read 170000 from split: /home/dduoba/data/galago/galago-corpus with class org.lemurproject.galago.core.parse.CorpusSplitParser
Mar 30, 2015 3:59:00 PM org.lemurproject.galago.core.parse.UniversalParser process
WARNING: Read 180000 from split: /home/dduoba/data/galago/galago-corpus with class org.lemurproject.galago.core.parse.CorpusSplitParser
Mar 30, 2015 3:59:14 PM org.lemurproject.galago.core.parse.UniversalParser process
WARNING: Read 190000 from split: /home/dduoba/data/galago/galago-corpus with class org.lemurproject.galago.core.parse.CorpusSplitParser
Mar 30, 2015 3:59:26 PM org.lemurproject.galago.core.parse.UniversalParser process
WARNING: Read 200000 from split: /home/dduoba/data/galago/galago-corpus with class org.lemurproject.galago.core.parse.CorpusSplitParser
Mar 30, 2015 3:59:35 PM org.lemurproject.galago.core.parse.UniversalParser process
WARNING: Read 210000 from split: /home/dduoba/data/galago/galago-corpus with class org.lemurproject.galago.core.parse.CorpusSplitParser
Mar 30, 2015 3:59:50 PM org.lemurproject.galago.core.parse.UniversalParser process
WARNING: Read 220000 from split: /home/dduoba/data/galago/galago-corpus with class org.lemurproject.galago.core.parse.CorpusSplitParser
Mar 30, 2015 3:59:59 PM org.lemurproject.galago.core.parse.UniversalParser process
WARNING: Read 230000 from split: /home/dduoba/data/galago/galago-corpus with class org.lemurproject.galago.core.parse.CorpusSplitParser
Mar 30, 2015 4:00:13 PM org.lemurproject.galago.core.parse.UniversalParser process
WARNING: Read 240000 from split: /home/dduoba/data/galago/galago-corpus with class org.lemurproject.galago.core.parse.CorpusSplitParser
Mar 30, 2015 4:00:25 PM org.lemurproject.galago.core.parse.UniversalParser process
WARNING: Read 250000 from split: /home/dduoba/data/galago/galago-corpus with class org.lemurproject.galago.core.parse.CorpusSplitParser
Mar 30, 2015 4:00:34 PM org.lemurproject.galago.core.parse.UniversalParser process
WARNING: Read 260000 from split: /home/dduoba/data/galago/galago-corpus with class org.lemurproject.galago.core.parse.CorpusSplitParser
Mar 30, 2015 4:00:51 PM org.lemurproject.galago.core.parse.UniversalParser process
WARNING: Read 270000 from split: /home/dduoba/data/galago/galago-corpus with class org.lemurproject.galago.core.parse.CorpusSplitParser
Mar 30, 2015 4:01:02 PM org.lemurproject.galago.core.parse.UniversalParser process
WARNING: Read 280000 from split: /home/dduoba/data/galago/galago-corpus with class org.lemurproject.galago.core.parse.CorpusSplitParser
Mar 30, 2015 4:01:14 PM org.lemurproject.galago.core.parse.UniversalParser process
WARNING: Read 290000 from split: /home/dduoba/data/galago/galago-corpus with class org.lemurproject.galago.core.parse.CorpusSplitParser
Mar 30, 2015 4:01:26 PM org.lemurproject.galago.core.parse.UniversalParser process
WARNING: Read 300000 from split: /home/dduoba/data/galago/galago-corpus with class org.lemurproject.galago.core.parse.CorpusSplitParser
Mar 30, 2015 4:01:37 PM org.lemurproject.galago.core.parse.UniversalParser process
WARNING: Read 310000 from split: /home/dduoba/data/galago/galago-corpus with class org.lemurproject.galago.core.parse.CorpusSplitParser
Mar 30, 2015 4:01:49 PM org.lemurproject.galago.core.parse.UniversalParser process
WARNING: Read 320000 from split: /home/dduoba/data/galago/galago-corpus with class org.lemurproject.galago.core.parse.CorpusSplitParser
Mar 30, 2015 4:02:00 PM org.lemurproject.galago.core.parse.UniversalParser process
WARNING: Read 330000 from split: /home/dduoba/data/galago/galago-corpus with class org.lemurproject.galago.core.parse.CorpusSplitParser
Mar 30, 2015 4:02:12 PM org.lemurproject.galago.core.parse.UniversalParser process
WARNING: Read 340000 from split: /home/dduoba/data/galago/galago-corpus with class org.lemurproject.galago.core.parse.CorpusSplitParser
Mar 30, 2015 4:02:27 PM org.lemurproject.galago.core.parse.UniversalParser process
WARNING: Read 350000 from split: /home/dduoba/data/galago/galago-corpus with class org.lemurproject.galago.core.parse.CorpusSplitParser
Mar 30, 2015 4:02:38 PM org.lemurproject.galago.core.parse.UniversalParser process
WARNING: Read 360000 from split: /home/dduoba/data/galago/galago-corpus with class org.lemurproject.galago.core.parse.CorpusSplitParser
Mar 30, 2015 4:02:52 PM org.lemurproject.galago.core.parse.UniversalParser process
WARNING: Read 370000 from split: /home/dduoba/data/galago/galago-corpus with class org.lemurproject.galago.core.parse.CorpusSplitParser
Mar 30, 2015 4:03:01 PM org.lemurproject.galago.core.parse.UniversalParser process
WARNING: Read 380000 from split: /home/dduoba/data/galago/galago-corpus with class org.lemurproject.galago.core.parse.CorpusSplitParser
Mar 30, 2015 4:03:12 PM org.lemurproject.galago.core.parse.UniversalParser process
WARNING: Read 390000 from split: /home/dduoba/data/galago/galago-corpus with class org.lemurproject.galago.core.parse.CorpusSplitParser
Mar 30, 2015 4:03:25 PM org.lemurproject.galago.core.parse.UniversalParser process
WARNING: Read 400000 from split: /home/dduoba/data/galago/galago-corpus with class org.lemurproject.galago.core.parse.CorpusSplitParser
Mar 30, 2015 4:03:29 PM org.lemurproject.galago.core.parse.UniversalParser process
INFO: Processed 403060 total in split: /home/dduoba/data/galago/galago-corpus with class org.lemurproject.galago.core.parse.CorpusSplitParser
Mar 30, 2015 4:04:54 PM org.lemurproject.galago.core.parse.UniversalParser process
INFO: Processing split: /home/dduoba/data/galago/galago-corpus with: org.lemurproject.galago.core.parse.CorpusSplitParser
Mar 30, 2015 4:05:04 PM org.lemurproject.galago.core.parse.UniversalParser process
WARNING: Read 10000 from split: /home/dduoba/data/galago/galago-corpus with class org.lemurproject.galago.core.parse.CorpusSplitParser
Mar 30, 2015 4:05:16 PM org.lemurproject.galago.core.parse.UniversalParser process
WARNING: Read 20000 from split: /home/dduoba/data/galago/galago-corpus with class org.lemurproject.galago.core.parse.CorpusSplitParser
Mar 30, 2015 4:05:25 PM org.lemurproject.galago.core.parse.UniversalParser process
WARNING: Read 30000 from split: /home/dduoba/data/galago/galago-corpus with class org.lemurproject.galago.core.parse.CorpusSplitParser
Mar 30, 2015 4:05:36 PM org.lemurproject.galago.core.parse.UniversalParser process
WARNING: Read 40000 from split: /home/dduoba/data/galago/galago-corpus with class org.lemurproject.galago.core.parse.CorpusSplitParser
Mar 30, 2015 4:05:52 PM org.lemurproject.galago.core.parse.UniversalParser process
WARNING: Read 50000 from split: /home/dduoba/data/galago/galago-corpus with class org.lemurproject.galago.core.parse.CorpusSplitParser
Mar 30, 2015 4:06:03 PM org.lemurproject.galago.core.parse.UniversalParser process
WARNING: Read 60000 from split: /home/dduoba/data/galago/galago-corpus with class org.lemurproject.galago.core.parse.CorpusSplitParser
Mar 30, 2015 4:06:14 PM org.lemurproject.galago.core.parse.UniversalParser process
WARNING: Read 70000 from split: /home/dduoba/data/galago/galago-corpus with class org.lemurproject.galago.core.parse.CorpusSplitParser
Mar 30, 2015 4:06:24 PM org.lemurproject.galago.core.parse.UniversalParser process
WARNING: Read 80000 from split: /home/dduoba/data/galago/galago-corpus with class org.lemurproject.galago.core.parse.CorpusSplitParser
Mar 30, 2015 4:06:38 PM org.lemurproject.galago.core.parse.UniversalParser process
WARNING: Read 90000 from split: /home/dduoba/data/galago/galago-corpus with class org.lemurproject.galago.core.parse.CorpusSplitParser
Mar 30, 2015 4:06:50 PM org.lemurproject.galago.core.parse.UniversalParser process
WARNING: Read 100000 from split: /home/dduoba/data/galago/galago-corpus with class org.lemurproject.galago.core.parse.CorpusSplitParser
Mar 30, 2015 4:07:01 PM org.lemurproject.galago.core.parse.UniversalParser process
WARNING: Read 110000 from split: /home/dduoba/data/galago/galago-corpus with class org.lemurproject.galago.core.parse.CorpusSplitParser
Mar 30, 2015 4:07:13 PM org.lemurproject.galago.core.parse.UniversalParser process
WARNING: Read 120000 from split: /home/dduoba/data/galago/galago-corpus with class org.lemurproject.galago.core.parse.CorpusSplitParser
Mar 30, 2015 4:07:27 PM org.lemurproject.galago.core.parse.UniversalParser process
WARNING: Read 130000 from split: /home/dduoba/data/galago/galago-corpus with class org.lemurproject.galago.core.parse.CorpusSplitParser
Mar 30, 2015 4:07:36 PM org.lemurproject.galago.core.parse.UniversalParser process
WARNING: Read 140000 from split: /home/dduoba/data/galago/galago-corpus with class org.lemurproject.galago.core.parse.CorpusSplitParser
Mar 30, 2015 4:07:50 PM org.lemurproject.galago.core.parse.UniversalParser process
WARNING: Read 150000 from split: /home/dduoba/data/galago/galago-corpus with class org.lemurproject.galago.core.parse.CorpusSplitParser
Mar 30, 2015 4:08:00 PM org.lemurproject.galago.core.parse.UniversalParser process
WARNING: Read 160000 from split: /home/dduoba/data/galago/galago-corpus with class org.lemurproject.galago.core.parse.CorpusSplitParser
Mar 30, 2015 4:08:12 PM org.lemurproject.galago.core.parse.UniversalParser process
WARNING: Read 170000 from split: /home/dduoba/data/galago/galago-corpus with class org.lemurproject.galago.core.parse.CorpusSplitParser
Mar 30, 2015 4:08:27 PM org.lemurproject.galago.core.parse.UniversalParser process
WARNING: Read 180000 from split: /home/dduoba/data/galago/galago-corpus with class org.lemurproject.galago.core.parse.CorpusSplitParser
Mar 30, 2015 4:08:38 PM org.lemurproject.galago.core.parse.UniversalParser process
WARNING: Read 190000 from split: /home/dduoba/data/galago/galago-corpus with class org.lemurproject.galago.core.parse.CorpusSplitParser
Mar 30, 2015 4:08:50 PM org.lemurproject.galago.core.parse.UniversalParser process
WARNING: Read 200000 from split: /home/dduoba/data/galago/galago-corpus with class org.lemurproject.galago.core.parse.CorpusSplitParser
Mar 30, 2015 4:08:59 PM org.lemurproject.galago.core.parse.UniversalParser process
WARNING: Read 210000 from split: /home/dduoba/data/galago/galago-corpus with class org.lemurproject.galago.core.parse.CorpusSplitParser
Mar 30, 2015 4:09:13 PM org.lemurproject.galago.core.parse.UniversalParser process
WARNING: Read 220000 from split: /home/dduoba/data/galago/galago-corpus with class org.lemurproject.galago.core.parse.CorpusSplitParser
Mar 30, 2015 4:09:22 PM org.lemurproject.galago.core.parse.UniversalParser process
WARNING: Read 230000 from split: /home/dduoba/data/galago/galago-corpus with class org.lemurproject.galago.core.parse.CorpusSplitParser
Mar 30, 2015 4:09:36 PM org.lemurproject.galago.core.parse.UniversalParser process
WARNING: Read 240000 from split: /home/dduoba/data/galago/galago-corpus with class org.lemurproject.galago.core.parse.CorpusSplitParser
Mar 30, 2015 4:09:48 PM org.lemurproject.galago.core.parse.UniversalParser process
WARNING: Read 250000 from split: /home/dduoba/data/galago/galago-corpus with class org.lemurproject.galago.core.parse.CorpusSplitParser
Mar 30, 2015 4:09:57 PM org.lemurproject.galago.core.parse.UniversalParser process
WARNING: Read 260000 from split: /home/dduoba/data/galago/galago-corpus with class org.lemurproject.galago.core.parse.CorpusSplitParser
Mar 30, 2015 4:10:13 PM org.lemurproject.galago.core.parse.UniversalParser process
WARNING: Read 270000 from split: /home/dduoba/data/galago/galago-corpus with class org.lemurproject.galago.core.parse.CorpusSplitParser
Mar 30, 2015 4:10:24 PM org.lemurproject.galago.core.parse.UniversalParser process
WARNING: Read 280000 from split: /home/dduoba/data/galago/galago-corpus with class org.lemurproject.galago.core.parse.CorpusSplitParser
Mar 30, 2015 4:10:36 PM org.lemurproject.galago.core.parse.UniversalParser process
WARNING: Read 290000 from split: /home/dduoba/data/galago/galago-corpus with class org.lemurproject.galago.core.parse.CorpusSplitParser
Mar 30, 2015 4:10:45 PM org.lemurproject.galago.core.parse.UniversalParser process
WARNING: Read 300000 from split: /home/dduoba/data/galago/galago-corpus with class org.lemurproject.galago.core.parse.CorpusSplitParser
Mar 30, 2015 4:11:01 PM org.lemurproject.galago.core.parse.UniversalParser process
WARNING: Read 310000 from split: /home/dduoba/data/galago/galago-corpus with class org.lemurproject.galago.core.parse.CorpusSplitParser
Mar 30, 2015 4:11:12 PM org.lemurproject.galago.core.parse.UniversalParser process
WARNING: Read 320000 from split: /home/dduoba/data/galago/galago-corpus with class org.lemurproject.galago.core.parse.CorpusSplitParser
Mar 30, 2015 4:11:24 PM org.lemurproject.galago.core.parse.UniversalParser process
WARNING: Read 330000 from split: /home/dduoba/data/galago/galago-corpus with class org.lemurproject.galago.core.parse.CorpusSplitParser
Mar 30, 2015 4:11:35 PM org.lemurproject.galago.core.parse.UniversalParser process
WARNING: Read 340000 from split: /home/dduoba/data/galago/galago-corpus with class org.lemurproject.galago.core.parse.CorpusSplitParser
Mar 30, 2015 4:11:44 PM org.lemurproject.galago.core.parse.UniversalParser process
WARNING: Read 350000 from split: /home/dduoba/data/galago/galago-corpus with class org.lemurproject.galago.core.parse.CorpusSplitParser
Mar 30, 2015 4:12:00 PM org.lemurproject.galago.core.parse.UniversalParser process
WARNING: Read 360000 from split: /home/dduoba/data/galago/galago-corpus with class org.lemurproject.galago.core.parse.CorpusSplitParser
Mar 30, 2015 4:12:14 PM org.lemurproject.galago.core.parse.UniversalParser process
WARNING: Read 370000 from split: /home/dduoba/data/galago/galago-corpus with class org.lemurproject.galago.core.parse.CorpusSplitParser
Mar 30, 2015 4:12:23 PM org.lemurproject.galago.core.parse.UniversalParser process
WARNING: Read 380000 from split: /home/dduoba/data/galago/galago-corpus with class org.lemurproject.galago.core.parse.CorpusSplitParser
Mar 30, 2015 4:12:35 PM org.lemurproject.galago.core.parse.UniversalParser process
WARNING: Read 390000 from split: /home/dduoba/data/galago/galago-corpus with class org.lemurproject.galago.core.parse.CorpusSplitParser
Mar 30, 2015 4:12:49 PM org.lemurproject.galago.core.parse.UniversalParser process
WARNING: Read 400000 from split: /home/dduoba/data/galago/galago-corpus with class org.lemurproject.galago.core.parse.CorpusSplitParser
Mar 30, 2015 4:12:51 PM org.lemurproject.galago.core.parse.UniversalParser process
INFO: Processed 403060 total in split: /home/dduoba/data/galago/galago-corpus with class org.lemurproject.galago.core.parse.CorpusSplitParser
Mar 30, 2015 4:14:21 PM org.lemurproject.galago.core.parse.UniversalParser process
INFO: Processing split: /home/dduoba/data/galago/galago-corpus with: org.lemurproject.galago.core.parse.CorpusSplitParser
Mar 30, 2015 4:14:31 PM org.lemurproject.galago.core.parse.UniversalParser process
WARNING: Read 10000 from split: /home/dduoba/data/galago/galago-corpus with class org.lemurproject.galago.core.parse.CorpusSplitParser
Mar 30, 2015 4:14:43 PM org.lemurproject.galago.core.parse.UniversalParser process
WARNING: Read 20000 from split: /home/dduoba/data/galago/galago-corpus with class org.lemurproject.galago.core.parse.CorpusSplitParser
Mar 30, 2015 4:14:52 PM org.lemurproject.galago.core.parse.UniversalParser process
WARNING: Read 30000 from split: /home/dduoba/data/galago/galago-corpus with class org.lemurproject.galago.core.parse.CorpusSplitParser
Mar 30, 2015 4:15:04 PM org.lemurproject.galago.core.parse.UniversalParser process
WARNING: Read 40000 from split: /home/dduoba/data/galago/galago-corpus with class org.lemurproject.galago.core.parse.CorpusSplitParser
Mar 30, 2015 4:15:18 PM org.lemurproject.galago.core.parse.UniversalParser process
WARNING: Read 50000 from split: /home/dduoba/data/galago/galago-corpus with class org.lemurproject.galago.core.parse.CorpusSplitParser
Mar 30, 2015 4:15:28 PM org.lemurproject.galago.core.parse.UniversalParser process
WARNING: Read 60000 from split: /home/dduoba/data/galago/galago-corpus with class org.lemurproject.galago.core.parse.CorpusSplitParser
Mar 30, 2015 4:15:40 PM org.lemurproject.galago.core.parse.UniversalParser process
WARNING: Read 70000 from split: /home/dduoba/data/galago/galago-corpus with class org.lemurproject.galago.core.parse.CorpusSplitParser
Mar 30, 2015 4:15:49 PM org.lemurproject.galago.core.parse.UniversalParser process
WARNING: Read 80000 from split: /home/dduoba/data/galago/galago-corpus with class org.lemurproject.galago.core.parse.CorpusSplitParser
Mar 30, 2015 4:16:06 PM org.lemurproject.galago.core.parse.UniversalParser process
WARNING: Read 90000 from split: /home/dduoba/data/galago/galago-corpus with class org.lemurproject.galago.core.parse.CorpusSplitParser
Mar 30, 2015 4:16:20 PM org.lemurproject.galago.core.parse.UniversalParser process
WARNING: Read 100000 from split: /home/dduoba/data/galago/galago-corpus with class org.lemurproject.galago.core.parse.CorpusSplitParser
Mar 30, 2015 4:16:29 PM org.lemurproject.galago.core.parse.UniversalParser process
WARNING: Read 110000 from split: /home/dduoba/data/galago/galago-corpus with class org.lemurproject.galago.core.parse.CorpusSplitParser
Mar 30, 2015 4:16:41 PM org.lemurproject.galago.core.parse.UniversalParser process
WARNING: Read 120000 from split: /home/dduoba/data/galago/galago-corpus with class org.lemurproject.galago.core.parse.CorpusSplitParser
Mar 30, 2015 4:16:52 PM org.lemurproject.galago.core.parse.UniversalParser process
WARNING: Read 130000 from split: /home/dduoba/data/galago/galago-corpus with class org.lemurproject.galago.core.parse.CorpusSplitParser
Mar 30, 2015 4:17:05 PM org.lemurproject.galago.core.parse.UniversalParser process
WARNING: Read 140000 from split: /home/dduoba/data/galago/galago-corpus with class org.lemurproject.galago.core.parse.CorpusSplitParser
Mar 30, 2015 4:17:19 PM org.lemurproject.galago.core.parse.UniversalParser process
WARNING: Read 150000 from split: /home/dduoba/data/galago/galago-corpus with class org.lemurproject.galago.core.parse.CorpusSplitParser
Mar 30, 2015 4:17:28 PM org.lemurproject.galago.core.parse.UniversalParser process
WARNING: Read 160000 from split: /home/dduoba/data/galago/galago-corpus with class org.lemurproject.galago.core.parse.CorpusSplitParser
Mar 30, 2015 4:17:40 PM org.lemurproject.galago.core.parse.UniversalParser process
WARNING: Read 170000 from split: /home/dduoba/data/galago/galago-corpus with class org.lemurproject.galago.core.parse.CorpusSplitParser
Mar 30, 2015 4:17:53 PM org.lemurproject.galago.core.parse.UniversalParser process
WARNING: Read 180000 from split: /home/dduoba/data/galago/galago-corpus with class org.lemurproject.galago.core.parse.CorpusSplitParser
Mar 30, 2015 4:18:07 PM org.lemurproject.galago.core.parse.UniversalParser process
WARNING: Read 190000 from split: /home/dduoba/data/galago/galago-corpus with class org.lemurproject.galago.core.parse.CorpusSplitParser
Mar 30, 2015 4:18:19 PM org.lemurproject.galago.core.parse.UniversalParser process
WARNING: Read 200000 from split: /home/dduoba/data/galago/galago-corpus with class org.lemurproject.galago.core.parse.CorpusSplitParser
Mar 30, 2015 4:18:28 PM org.lemurproject.galago.core.parse.UniversalParser process
WARNING: Read 210000 from split: /home/dduoba/data/galago/galago-corpus with class org.lemurproject.galago.core.parse.CorpusSplitParser
Mar 30, 2015 4:18:43 PM org.lemurproject.galago.core.parse.UniversalParser process
WARNING: Read 220000 from split: /home/dduoba/data/galago/galago-corpus with class org.lemurproject.galago.core.parse.CorpusSplitParser
Mar 30, 2015 4:18:52 PM org.lemurproject.galago.core.parse.UniversalParser process
WARNING: Read 230000 from split: /home/dduoba/data/galago/galago-corpus with class org.lemurproject.galago.core.parse.CorpusSplitParser
Mar 30, 2015 4:19:06 PM org.lemurproject.galago.core.parse.UniversalParser process
WARNING: Read 240000 from split: /home/dduoba/data/galago/galago-corpus with class org.lemurproject.galago.core.parse.CorpusSplitParser
Mar 30, 2015 4:19:18 PM org.lemurproject.galago.core.parse.UniversalParser process
WARNING: Read 250000 from split: /home/dduoba/data/galago/galago-corpus with class org.lemurproject.galago.core.parse.CorpusSplitParser
Mar 30, 2015 4:19:27 PM org.lemurproject.galago.core.parse.UniversalParser process
WARNING: Read 260000 from split: /home/dduoba/data/galago/galago-corpus with class org.lemurproject.galago.core.parse.CorpusSplitParser
Mar 30, 2015 4:19:42 PM org.lemurproject.galago.core.parse.UniversalParser process
WARNING: Read 270000 from split: /home/dduoba/data/galago/galago-corpus with class org.lemurproject.galago.core.parse.CorpusSplitParser
Mar 30, 2015 4:19:54 PM org.lemurproject.galago.core.parse.UniversalParser process
WARNING: Read 280000 from split: /home/dduoba/data/galago/galago-corpus with class org.lemurproject.galago.core.parse.CorpusSplitParser
Mar 30, 2015 4:20:06 PM org.lemurproject.galago.core.parse.UniversalParser process
WARNING: Read 290000 from split: /home/dduoba/data/galago/galago-corpus with class org.lemurproject.galago.core.parse.CorpusSplitParser
Mar 30, 2015 4:20:18 PM org.lemurproject.galago.core.parse.UniversalParser process
WARNING: Read 300000 from split: /home/dduoba/data/galago/galago-corpus with class org.lemurproject.galago.core.parse.CorpusSplitParser
Mar 30, 2015 4:20:32 PM org.lemurproject.galago.core.parse.UniversalParser process
WARNING: Read 310000 from split: /home/dduoba/data/galago/galago-corpus with class org.lemurproject.galago.core.parse.CorpusSplitParser
Mar 30, 2015 4:20:44 PM org.lemurproject.galago.core.parse.UniversalParser process
WARNING: Read 320000 from split: /home/dduoba/data/galago/galago-corpus with class org.lemurproject.galago.core.parse.CorpusSplitParser
Mar 30, 2015 4:20:56 PM org.lemurproject.galago.core.parse.UniversalParser process
WARNING: Read 330000 from split: /home/dduoba/data/galago/galago-corpus with class org.lemurproject.galago.core.parse.CorpusSplitParser
Mar 30, 2015 4:21:07 PM org.lemurproject.galago.core.parse.UniversalParser process
WARNING: Read 340000 from split: /home/dduoba/data/galago/galago-corpus with class org.lemurproject.galago.core.parse.CorpusSplitParser
Mar 30, 2015 4:21:22 PM org.lemurproject.galago.core.parse.UniversalParser process
WARNING: Read 350000 from split: /home/dduoba/data/galago/galago-corpus with class org.lemurproject.galago.core.parse.CorpusSplitParser
Mar 30, 2015 4:21:31 PM org.lemurproject.galago.core.parse.UniversalParser process
WARNING: Read 360000 from split: /home/dduoba/data/galago/galago-corpus with class org.lemurproject.galago.core.parse.CorpusSplitParser
Mar 30, 2015 4:21:45 PM org.lemurproject.galago.core.parse.UniversalParser process
WARNING: Read 370000 from split: /home/dduoba/data/galago/galago-corpus with class org.lemurproject.galago.core.parse.CorpusSplitParser
Mar 30, 2015 4:21:55 PM org.lemurproject.galago.core.parse.UniversalParser process
WARNING: Read 380000 from split: /home/dduoba/data/galago/galago-corpus with class org.lemurproject.galago.core.parse.CorpusSplitParser
Mar 30, 2015 4:22:06 PM org.lemurproject.galago.core.parse.UniversalParser process
WARNING: Read 390000 from split: /home/dduoba/data/galago/galago-corpus with class org.lemurproject.galago.core.parse.CorpusSplitParser
Mar 30, 2015 4:22:18 PM org.lemurproject.galago.core.parse.UniversalParser process
WARNING: Read 400000 from split: /home/dduoba/data/galago/galago-corpus with class org.lemurproject.galago.core.parse.CorpusSplitParser
Mar 30, 2015 4:22:22 PM org.lemurproject.galago.core.parse.UniversalParser process
INFO: Processed 403070 total in split: /home/dduoba/data/galago/galago-corpus with class org.lemurproject.galago.core.parse.CorpusSplitParser
Stage parsePostings completed with 0 errors.
Stage writeFields completed with 0 errors.
Stage writeLengths completed with 0 errors.
Stage writeNamesRev completed with 0 errors.
Stage writeCorpusKeys completed with 0 errors.
Stage writeNames completed with 0 errors.
Stage writePostings-krovetz completed with 0 errors.
Stage writePostings completed with 0 errors.
Done Indexing.
Documents Indexed: 3224504.
