STARTING RUN WITH 8 PROCESSES
CREATING NODES FOR 3224547 MOVIES
START: 1
END: 403068
START: 403068
END: 806136
START: 806136
END: 1209205
START: 1209205
END: 1612273
START: 1612273
END: 2015341
START: 2015341
END: 2418410
START: 2418410
END: 2821478
START: 2821478
END: 3224547
Process Process-8:
Traceback (most recent call last):
  File "/usr/lib/python2.7/multiprocessing/process.py", line 258, in _bootstrap
    self.run()
  File "/usr/lib/python2.7/multiprocessing/process.py", line 114, in run
    self._target(*self._args, **self._kwargs)
  File "generate_xml_nodes.py", line 68, in create_nodes
    tree = ElementTree.XML(result.asXML(), parser)
  File "/usr/lib/python2.7/xml/etree/ElementTree.py", line 1300, in XML
    parser.feed(text)
  File "parser.pxi", line 1155, in lxml.etree._FeedParser.feed (src/lxml/lxml.etree.c:98428)
  File "parser.pxi", line 1279, in lxml.etree._FeedParser.feed (src/lxml/lxml.etree.c:98311)
  File "parser.pxi", line 573, in lxml.etree._ParserContext._handleParseResult (src/lxml/lxml.etree.c:91164)
  File "parser.pxi", line 582, in lxml.etree._ParserContext._handleParseResultDoc (src/lxml/lxml.etree.c:91275)
  File "parser.pxi", line 683, in lxml.etree._handleParseResult (src/lxml/lxml.etree.c:92461)
  File "parser.pxi", line 622, in lxml.etree._raiseParseError (src/lxml/lxml.etree.c:91757)
XMLSyntaxError: PCDATA invalid Char value 16, line 4, column 107
Process Process-3:
Traceback (most recent call last):
  File "/usr/lib/python2.7/multiprocessing/process.py", line 258, in _bootstrap
    self.run()
  File "/usr/lib/python2.7/multiprocessing/process.py", line 114, in run
    self._target(*self._args, **self._kwargs)
  File "generate_xml_nodes.py", line 68, in create_nodes
    tree = ElementTree.XML(result.asXML(), parser)
  File "/usr/lib/python2.7/xml/etree/ElementTree.py", line 1300, in XML
    parser.feed(text)
  File "parser.pxi", line 1155, in lxml.etree._FeedParser.feed (src/lxml/lxml.etree.c:98428)
  File "parser.pxi", line 1279, in lxml.etree._FeedParser.feed (src/lxml/lxml.etree.c:98311)
  File "parser.pxi", line 573, in lxml.etree._ParserContext._handleParseResult (src/lxml/lxml.etree.c:91164)
  File "parser.pxi", line 582, in lxml.etree._ParserContext._handleParseResultDoc (src/lxml/lxml.etree.c:91275)
  File "parser.pxi", line 683, in lxml.etree._handleParseResult (src/lxml/lxml.etree.c:92461)
  File "parser.pxi", line 622, in lxml.etree._raiseParseError (src/lxml/lxml.etree.c:91757)
XMLSyntaxError: PCDATA invalid Char value 19, line 4, column 285
Process Process-7:
Traceback (most recent call last):
  File "/usr/lib/python2.7/multiprocessing/process.py", line 258, in _bootstrap
    self.run()
  File "/usr/lib/python2.7/multiprocessing/process.py", line 114, in run
    self._target(*self._args, **self._kwargs)
  File "generate_xml_nodes.py", line 68, in create_nodes
    tree = ElementTree.XML(result.asXML(), parser)
  File "/usr/local/lib/python2.7/dist-packages/IMDbPY-5.1dev_20150313-py2.7-linux-x86_64.egg/imdb/utils.py", line 1452, in asXML
    value = self.getAsXML(key, _with_add_keys=_with_add_keys)
  File "/usr/local/lib/python2.7/dist-packages/IMDbPY-5.1dev_20150313-py2.7-linux-x86_64.egg/imdb/utils.py", line 1441, in getAsXML
    fullpath=tag))
  File "/usr/local/lib/python2.7/dist-packages/IMDbPY-5.1dev_20150313-py2.7-linux-x86_64.egg/imdb/utils.py", line 1088, in _seq2xml
    fullpath='%s.%s' % (fullpath, tagName))
  File "/usr/local/lib/python2.7/dist-packages/IMDbPY-5.1dev_20150313-py2.7-linux-x86_64.egg/imdb/utils.py", line 1102, in _seq2xml
    item.__class__.__name__.lower()))
  File "/usr/local/lib/python2.7/dist-packages/IMDbPY-5.1dev_20150313-py2.7-linux-x86_64.egg/imdb/utils.py", line 1117, in _seq2xml
    _l.extend(_tag4TON(seq))
  File "/usr/local/lib/python2.7/dist-packages/IMDbPY-5.1dev_20150313-py2.7-linux-x86_64.egg/imdb/utils.py", line 963, in _tag4TON
    crValue = cr['long imdb name']
  File "/usr/local/lib/python2.7/dist-packages/IMDbPY-5.1dev_20150313-py2.7-linux-x86_64.egg/imdb/utils.py", line 1472, in __getitem__
    rawData = self.data[key]
KeyError: 'long imdb name'
