BUILDING HASHMAP OF MOVIES
10000 MOVIES PROCESSED
20000 MOVIES PROCESSED
30000 MOVIES PROCESSED
40000 MOVIES PROCESSED
50000 MOVIES PROCESSED
60000 MOVIES PROCESSED
70000 MOVIES PROCESSED
80000 MOVIES PROCESSED
90000 MOVIES PROCESSED
100000 MOVIES PROCESSED
110000 MOVIES PROCESSED
120000 MOVIES PROCESSED
130000 MOVIES PROCESSED
140000 MOVIES PROCESSED
150000 MOVIES PROCESSED
160000 MOVIES PROCESSED
170000 MOVIES PROCESSED
180000 MOVIES PROCESSED
190000 MOVIES PROCESSED
200000 MOVIES PROCESSED
210000 MOVIES PROCESSED
220000 MOVIES PROCESSED
230000 MOVIES PROCESSED
240000 MOVIES PROCESSED
250000 MOVIES PROCESSED
260000 MOVIES PROCESSED
270000 MOVIES PROCESSED
280000 MOVIES PROCESSED
290000 MOVIES PROCESSED
300000 MOVIES PROCESSED
310000 MOVIES PROCESSED
320000 MOVIES PROCESSED
330000 MOVIES PROCESSED
340000 MOVIES PROCESSED
350000 MOVIES PROCESSED
360000 MOVIES PROCESSED
370000 MOVIES PROCESSED
380000 MOVIES PROCESSED
390000 MOVIES PROCESSED
400000 MOVIES PROCESSED
410000 MOVIES PROCESSED
420000 MOVIES PROCESSED
430000 MOVIES PROCESSED
440000 MOVIES PROCESSED
450000 MOVIES PROCESSED
460000 MOVIES PROCESSED
470000 MOVIES PROCESSED
480000 MOVIES PROCESSED
490000 MOVIES PROCESSED
500000 MOVIES PROCESSED
510000 MOVIES PROCESSED
520000 MOVIES PROCESSED
530000 MOVIES PROCESSED
540000 MOVIES PROCESSED
550000 MOVIES PROCESSED
560000 MOVIES PROCESSED
570000 MOVIES PROCESSED
580000 MOVIES PROCESSED
590000 MOVIES PROCESSED
600000 MOVIES PROCESSED
610000 MOVIES PROCESSED
620000 MOVIES PROCESSED
630000 MOVIES PROCESSED
640000 MOVIES PROCESSED
650000 MOVIES PROCESSED
660000 MOVIES PROCESSED
670000 MOVIES PROCESSED
680000 MOVIES PROCESSED
690000 MOVIES PROCESSED
700000 MOVIES PROCESSED
710000 MOVIES PROCESSED
720000 MOVIES PROCESSED
730000 MOVIES PROCESSED
740000 MOVIES PROCESSED
750000 MOVIES PROCESSED
760000 MOVIES PROCESSED
770000 MOVIES PROCESSED
780000 MOVIES PROCESSED
790000 MOVIES PROCESSED
800000 MOVIES PROCESSED
810000 MOVIES PROCESSED
820000 MOVIES PROCESSED
830000 MOVIES PROCESSED
840000 MOVIES PROCESSED
850000 MOVIES PROCESSED
860000 MOVIES PROCESSED
870000 MOVIES PROCESSED
880000 MOVIES PROCESSED
890000 MOVIES PROCESSED
900000 MOVIES PROCESSED
910000 MOVIES PROCESSED
920000 MOVIES PROCESSED
930000 MOVIES PROCESSED
940000 MOVIES PROCESSED
950000 MOVIES PROCESSED
960000 MOVIES PROCESSED
970000 MOVIES PROCESSED
980000 MOVIES PROCESSED
990000 MOVIES PROCESSED
1000000 MOVIES PROCESSED
1010000 MOVIES PROCESSED
1020000 MOVIES PROCESSED
1030000 MOVIES PROCESSED
1040000 MOVIES PROCESSED
1050000 MOVIES PROCESSED
1060000 MOVIES PROCESSED
1070000 MOVIES PROCESSED
1080000 MOVIES PROCESSED
1090000 MOVIES PROCESSED
1100000 MOVIES PROCESSED
1110000 MOVIES PROCESSED
1120000 MOVIES PROCESSED
1130000 MOVIES PROCESSED
1140000 MOVIES PROCESSED
1150000 MOVIES PROCESSED
1160000 MOVIES PROCESSED
1170000 MOVIES PROCESSED
1180000 MOVIES PROCESSED
1190000 MOVIES PROCESSED
1200000 MOVIES PROCESSED
1210000 MOVIES PROCESSED
1220000 MOVIES PROCESSED
1230000 MOVIES PROCESSED
1240000 MOVIES PROCESSED
1250000 MOVIES PROCESSED
1260000 MOVIES PROCESSED
1270000 MOVIES PROCESSED
1280000 MOVIES PROCESSED
1290000 MOVIES PROCESSED
1300000 MOVIES PROCESSED
1310000 MOVIES PROCESSED
1320000 MOVIES PROCESSED
1330000 MOVIES PROCESSED
1340000 MOVIES PROCESSED
1350000 MOVIES PROCESSED
1360000 MOVIES PROCESSED
1370000 MOVIES PROCESSED
1380000 MOVIES PROCESSED
1390000 MOVIES PROCESSED
1400000 MOVIES PROCESSED
1410000 MOVIES PROCESSED
1420000 MOVIES PROCESSED
1430000 MOVIES PROCESSED
1440000 MOVIES PROCESSED
1450000 MOVIES PROCESSED
1460000 MOVIES PROCESSED
1470000 MOVIES PROCESSED
1480000 MOVIES PROCESSED
1490000 MOVIES PROCESSED
1500000 MOVIES PROCESSED
1510000 MOVIES PROCESSED
1520000 MOVIES PROCESSED
1530000 MOVIES PROCESSED
1540000 MOVIES PROCESSED
1550000 MOVIES PROCESSED
1560000 MOVIES PROCESSED
1570000 MOVIES PROCESSED
1580000 MOVIES PROCESSED
1590000 MOVIES PROCESSED
1600000 MOVIES PROCESSED
1610000 MOVIES PROCESSED
1620000 MOVIES PROCESSED
1630000 MOVIES PROCESSED
1640000 MOVIES PROCESSED
1650000 MOVIES PROCESSED
1660000 MOVIES PROCESSED
1670000 MOVIES PROCESSED
1680000 MOVIES PROCESSED
1690000 MOVIES PROCESSED
1700000 MOVIES PROCESSED
1710000 MOVIES PROCESSED
1720000 MOVIES PROCESSED
1730000 MOVIES PROCESSED
1740000 MOVIES PROCESSED
1750000 MOVIES PROCESSED
1760000 MOVIES PROCESSED
1770000 MOVIES PROCESSED
1780000 MOVIES PROCESSED
1790000 MOVIES PROCESSED
1800000 MOVIES PROCESSED
1810000 MOVIES PROCESSED
1820000 MOVIES PROCESSED
1830000 MOVIES PROCESSED
1840000 MOVIES PROCESSED
1850000 MOVIES PROCESSED
1860000 MOVIES PROCESSED
1870000 MOVIES PROCESSED
1880000 MOVIES PROCESSED
1890000 MOVIES PROCESSED
1900000 MOVIES PROCESSED
1910000 MOVIES PROCESSED
1920000 MOVIES PROCESSED
1930000 MOVIES PROCESSED
1940000 MOVIES PROCESSED
1950000 MOVIES PROCESSED
1960000 MOVIES PROCESSED
1970000 MOVIES PROCESSED
1980000 MOVIES PROCESSED
1990000 MOVIES PROCESSED
2000000 MOVIES PROCESSED
2010000 MOVIES PROCESSED
2020000 MOVIES PROCESSED
2030000 MOVIES PROCESSED
2040000 MOVIES PROCESSED
2050000 MOVIES PROCESSED
2060000 MOVIES PROCESSED
2070000 MOVIES PROCESSED
2080000 MOVIES PROCESSED
2090000 MOVIES PROCESSED
2100000 MOVIES PROCESSED
2110000 MOVIES PROCESSED
2120000 MOVIES PROCESSED
2130000 MOVIES PROCESSED
2140000 MOVIES PROCESSED
2150000 MOVIES PROCESSED
2160000 MOVIES PROCESSED
2170000 MOVIES PROCESSED
2180000 MOVIES PROCESSED
2190000 MOVIES PROCESSED
2200000 MOVIES PROCESSED
2210000 MOVIES PROCESSED
2220000 MOVIES PROCESSED
2230000 MOVIES PROCESSED
2240000 MOVIES PROCESSED
2250000 MOVIES PROCESSED
2260000 MOVIES PROCESSED
2270000 MOVIES PROCESSED
2280000 MOVIES PROCESSED
2290000 MOVIES PROCESSED
2300000 MOVIES PROCESSED
2310000 MOVIES PROCESSED
2320000 MOVIES PROCESSED
2330000 MOVIES PROCESSED
2340000 MOVIES PROCESSED
2350000 MOVIES PROCESSED
2360000 MOVIES PROCESSED
2370000 MOVIES PROCESSED
2380000 MOVIES PROCESSED
2390000 MOVIES PROCESSED
2400000 MOVIES PROCESSED
2410000 MOVIES PROCESSED
2420000 MOVIES PROCESSED
2430000 MOVIES PROCESSED
2440000 MOVIES PROCESSED
2450000 MOVIES PROCESSED
2460000 MOVIES PROCESSED
2470000 MOVIES PROCESSED
2480000 MOVIES PROCESSED
2490000 MOVIES PROCESSED
2500000 MOVIES PROCESSED
2510000 MOVIES PROCESSED
2520000 MOVIES PROCESSED
2530000 MOVIES PROCESSED
2540000 MOVIES PROCESSED
2550000 MOVIES PROCESSED
2560000 MOVIES PROCESSED
2570000 MOVIES PROCESSED
2580000 MOVIES PROCESSED
2590000 MOVIES PROCESSED
2600000 MOVIES PROCESSED
2610000 MOVIES PROCESSED
2620000 MOVIES PROCESSED
2630000 MOVIES PROCESSED
2640000 MOVIES PROCESSED
2650000 MOVIES PROCESSED
2660000 MOVIES PROCESSED
2670000 MOVIES PROCESSED
2680000 MOVIES PROCESSED
2690000 MOVIES PROCESSED
2700000 MOVIES PROCESSED
2710000 MOVIES PROCESSED
2720000 MOVIES PROCESSED
2730000 MOVIES PROCESSED
2740000 MOVIES PROCESSED
2750000 MOVIES PROCESSED
2760000 MOVIES PROCESSED
2770000 MOVIES PROCESSED
2780000 MOVIES PROCESSED
2790000 MOVIES PROCESSED
2800000 MOVIES PROCESSED
2810000 MOVIES PROCESSED
2820000 MOVIES PROCESSED
2830000 MOVIES PROCESSED
2840000 MOVIES PROCESSED
2850000 MOVIES PROCESSED
2860000 MOVIES PROCESSED
2870000 MOVIES PROCESSED
2880000 MOVIES PROCESSED
2890000 MOVIES PROCESSED
2900000 MOVIES PROCESSED
2910000 MOVIES PROCESSED
2920000 MOVIES PROCESSED
2930000 MOVIES PROCESSED
2940000 MOVIES PROCESSED
2950000 MOVIES PROCESSED
2960000 MOVIES PROCESSED
2970000 MOVIES PROCESSED
2980000 MOVIES PROCESSED
2990000 MOVIES PROCESSED
3000000 MOVIES PROCESSED
3010000 MOVIES PROCESSED
3020000 MOVIES PROCESSED
3030000 MOVIES PROCESSED
3040000 MOVIES PROCESSED
3050000 MOVIES PROCESSED
3060000 MOVIES PROCESSED
3070000 MOVIES PROCESSED
3080000 MOVIES PROCESSED
HASHING COMPLETE
PARSED MOVIES: 3084448
SKIPPED MOVIES: 140093
FOUND XML NODE ID (3033750) FOR MOVIE The Golden Compass
FOUND XML NODE ID (3093359) FOR MOVIE The Tuxedo
FOUND XML NODE ID (2888148) FOR MOVIE Rush Hour
FOUND XML NODE ID (884259) FOR MOVIE Who Am I?
FOUND XML NODE ID (2856579) FOR MOVIE Rabbit-Proof Fence
FOUND XML NODE ID (3041404) FOR MOVIE The Imitation Game
FOUND XML NODE ID (3068714) FOR MOVIE The Pianist
FOUND XML NODE ID (2124410) FOR MOVIE Public Enemies
FOUND XML NODE ID (2724842) FOR MOVIE Miracle
FOUND XML NODE ID (734812) FOR MOVIE A League of Their Own
FOUND XML NODE ID (2289461) FOR MOVIE Capote
FOUND XML NODE ID (2124289) FOR MOVIE Invictus
FOUND XML NODE ID (2963225) FOR MOVIE Stranger Than Fiction
FOUND XML NODE ID (734973) FOR MOVIE Semi-Pro
FOUND XML NODE ID (1671780) FOR MOVIE The Other Guys
FOUND XML NODE ID (743507) FOR MOVIE Blades of Glory
FOUND XML NODE ID (2200405) FOR MOVIE Anchorman: The Legend of Ron Burgundy
FOUND XML NODE ID (2200399) FOR MOVIE Anchorman
FOUND XML NODE ID (2200401) FOR MOVIE Anchorman 2: The Legend Continues
FOUND XML NODE ID (2108078) FOR MOVIE Talladega Nights: The Ballad of Ricky Bobby
FOUND XML NODE ID (1144023) FOR MOVIE Step Brothers
FOUND XML NODE ID (2415800) FOR MOVIE Elf
FOUND XML NODE ID (2477856) FOR MOVIE Get Hard
FOUND XML NODE ID (2949143) FOR MOVIE Spaceballs
